val_bpb:enabled tokenizer_kind=sentencepiece tokenizer_path=/workspace/pg-sp4096-export/tokenizers/fineweb_4096_bpe.model
train_loader:dataset:fineweb10B_sp4096 train_shards:143
val_loader:shards pattern=/workspace/pg-sp4096-export/datasets/fineweb10B_sp4096/fineweb_val_*.bin docs:1184 score_tokens:1046718
eval_stride_tokens:64
eval_doc_isolated:1
val_max_tokens:1048576
model_params:12723272
num_layers:9 num_shared_blocks:3 num_shared_mlps:3
tie_embeddings:True embed_lr:0.03 head_lr:0.0 matrix_lr:0.02 scalar_lr:0.02
train_batch_tokens:32768 train_seq_len:1024 iterations:20 warmup_steps:5 max_wallclock_seconds:180.000
mlp_kind:relu2 mlp_mult:2 mlp_hidden:1664
warmup_step:1/5
warmup_step:2/5
warmup_step:3/5
warmup_step:4/5
warmup_step:5/5
step:0/20 val_loss:8.3164 val_bpb:3.6565 train_time:0ms step_avg:0.18ms
step:1/20 train_loss:8.3160 train_time:346ms step_avg:345.76ms
step:2/20 train_loss:15.6900 train_time:793ms step_avg:396.57ms
step:3/20 train_loss:13.2725 train_time:1271ms step_avg:423.55ms
step:4/20 train_loss:10.6346 train_time:1749ms step_avg:437.16ms
step:5/20 train_loss:9.5622 train_time:2237ms step_avg:447.35ms
step:6/20 train_loss:8.6231 train_time:2721ms step_avg:453.48ms
step:7/20 train_loss:8.1792 train_time:3207ms step_avg:458.19ms
step:8/20 train_loss:7.9887 train_time:3685ms step_avg:460.57ms
step:9/20 train_loss:7.5971 train_time:4156ms step_avg:461.79ms
step:10/20 train_loss:7.5148 train_time:4653ms step_avg:465.29ms
step:11/20 train_loss:7.3251 train_time:5150ms step_avg:468.20ms
step:12/20 train_loss:7.2427 train_time:5729ms step_avg:477.43ms
step:13/20 train_loss:7.1545 train_time:6236ms step_avg:479.70ms
step:14/20 train_loss:6.9797 train_time:6706ms step_avg:478.98ms
step:15/20 train_loss:6.9678 train_time:7188ms step_avg:479.23ms
step:16/20 train_loss:6.9508 train_time:7673ms step_avg:479.58ms
step:17/20 train_loss:6.7747 train_time:8163ms step_avg:480.18ms
step:18/20 train_loss:6.7219 train_time:8646ms step_avg:480.35ms
step:19/20 train_loss:6.5976 train_time:9131ms step_avg:480.59ms
step:20/20 train_loss:6.6032 train_time:9617ms step_avg:480.87ms
step:20/20 val_loss:6.4691 val_bpb:2.8443 train_time:9624ms step_avg:481.19ms
peak memory allocated: 1547 MiB reserved: 1632 MiB
Serialized model: 45660307 bytes
Code size: 101448 bytes
Total submission size: 45761755 bytes
Serialized model int8+zlib: 6021764 bytes (payload:12833824 raw_torch:12847266 payload_ratio:3.56x)
Total submission size int8+zlib: 6123212 bytes
final_int8_zlib_roundtrip_exact val_loss:6.46848655 val_bpb:2.84400507
